<?xml version="1.0" encoding="UTF-8"?>
<testng-results skipped="0" failed="1" ignored="0" total="6" passed="5">
  <reporter-output>
  </reporter-output>
  <suite name="Command line suite" duration-ms="41735" started-at="2020-01-29T16:20:05 IST" finished-at="2020-01-29T16:20:47 IST">
    <groups>
    </groups>
    <test name="Command line test" duration-ms="41735" started-at="2020-01-29T16:20:05 IST" finished-at="2020-01-29T16:20:47 IST">
      <class name="com.dell.qa.TestCase.ContactsPageTest">
        <test-method status="PASS" signature="setUp()[pri:0, instance:com.dell.qa.TestCase.ContactsPageTest@52a86356]" name="setUp" is-config="true" duration-ms="16799" started-at="2020-01-29T16:19:36 IST" finished-at="2020-01-29T16:19:53 IST">
          <reporter-output>
          </reporter-output>
        </test-method> <!-- setUp -->
        <test-method status="PASS" signature="contacts()[pri:1, instance:com.dell.qa.TestCase.ContactsPageTest@52a86356]" name="contacts" duration-ms="25141" started-at="2020-01-29T16:20:05 IST" finished-at="2020-01-29T16:20:30 IST">
          <reporter-output>
          </reporter-output>
        </test-method> <!-- contacts -->
        <test-method status="FAIL" signature="contactsFill()[pri:2, instance:com.dell.qa.TestCase.ContactsPageTest@52a86356]" name="contactsFill" duration-ms="8812" started-at="2020-01-29T16:20:30 IST" finished-at="2020-01-29T16:20:39 IST">
          <exception class="org.openqa.selenium.ElementClickInterceptedException">
            <message>
              <![CDATA[element click intercepted: Element <input class="hidden" name="do_not_call" readonly="" tabindex="0" type="checkbox" value=""> is not clickable at point (772, 555). Other element would receive the click: <label></label>
  (Session info: chrome=79.0.3945.130)
Build info: version: '3.141.59', revision: 'e82be7d358', time: '2018-11-14T08:17:03'
System info: host: 'W10BWRQYW2', ip: '10.108.149.65', os.name: 'Windows 10', os.arch: 'amd64', os.version: '10.0', java.version: '1.8.0_171'
Driver info: org.openqa.selenium.chrome.ChromeDriver
Capabilities {acceptInsecureCerts: false, browserName: chrome, browserVersion: 79.0.3945.130, chrome: {chromedriverVersion: 78.0.3904.70 (edb9c9f3de024..., userDataDir: C:\Users\ANKITA~1\AppData\L...}, goog:chromeOptions: {debuggerAddress: localhost:38382}, javascriptEnabled: true, networkConnectionEnabled: false, pageLoadStrategy: normal, platform: XP, platformName: XP, proxy: Proxy(), setWindowRect: true, strictFileInteractability: false, timeouts: {implicit: 0, pageLoad: 300000, script: 30000}, unhandledPromptBehavior: dismiss and notify}
Session ID: 70106dc8c02fa1d14a3576dee669020b]]>
            </message>
            <full-stacktrace>
              <![CDATA[org.openqa.selenium.ElementClickInterceptedException: element click intercepted: Element <input class="hidden" name="do_not_call" readonly="" tabindex="0" type="checkbox" value=""> is not clickable at point (772, 555). Other element would receive the click: <label></label>
  (Session info: chrome=79.0.3945.130)
Build info: version: '3.141.59', revision: 'e82be7d358', time: '2018-11-14T08:17:03'
System info: host: 'W10BWRQYW2', ip: '10.108.149.65', os.name: 'Windows 10', os.arch: 'amd64', os.version: '10.0', java.version: '1.8.0_171'
Driver info: org.openqa.selenium.chrome.ChromeDriver
Capabilities {acceptInsecureCerts: false, browserName: chrome, browserVersion: 79.0.3945.130, chrome: {chromedriverVersion: 78.0.3904.70 (edb9c9f3de024..., userDataDir: C:\Users\ANKITA~1\AppData\L...}, goog:chromeOptions: {debuggerAddress: localhost:38382}, javascriptEnabled: true, networkConnectionEnabled: false, pageLoadStrategy: normal, platform: XP, platformName: XP, proxy: Proxy(), setWindowRect: true, strictFileInteractability: false, timeouts: {implicit: 0, pageLoad: 300000, script: 30000}, unhandledPromptBehavior: dismiss and notify}
Session ID: 70106dc8c02fa1d14a3576dee669020b
at sun.reflect.NativeConstructorAccessorImpl.newInstance0(Native Method)
at sun.reflect.NativeConstructorAccessorImpl.newInstance(NativeConstructorAccessorImpl.java:62)
at sun.reflect.DelegatingConstructorAccessorImpl.newInstance(DelegatingConstructorAccessorImpl.java:45)
at java.lang.reflect.Constructor.newInstance(Constructor.java:423)
at org.openqa.selenium.remote.http.W3CHttpResponseCodec.createException(W3CHttpResponseCodec.java:187)
at org.openqa.selenium.remote.http.W3CHttpResponseCodec.decode(W3CHttpResponseCodec.java:122)
at org.openqa.selenium.remote.http.W3CHttpResponseCodec.decode(W3CHttpResponseCodec.java:49)
at org.openqa.selenium.remote.HttpCommandExecutor.execute(HttpCommandExecutor.java:158)
at org.openqa.selenium.remote.service.DriverCommandExecutor.execute(DriverCommandExecutor.java:83)
at org.openqa.selenium.remote.RemoteWebDriver.execute(RemoteWebDriver.java:552)
at org.openqa.selenium.remote.RemoteWebElement.execute(RemoteWebElement.java:285)
at org.openqa.selenium.remote.RemoteWebElement.click(RemoteWebElement.java:84)
at sun.reflect.NativeMethodAccessorImpl.invoke0(Native Method)
at sun.reflect.NativeMethodAccessorImpl.invoke(NativeMethodAccessorImpl.java:62)
at sun.reflect.DelegatingMethodAccessorImpl.invoke(DelegatingMethodAccessorImpl.java:43)
at java.lang.reflect.Method.invoke(Method.java:498)
at org.openqa.selenium.support.pagefactory.internal.LocatingElementHandler.invoke(LocatingElementHandler.java:51)
at com.sun.proxy.$Proxy7.click(Unknown Source)
at com.dell.qa.pages.ContactsPage.ContactsFillPage(ContactsPage.java:54)
at com.dell.qa.TestCase.ContactsPageTest.contactsFill(ContactsPageTest.java:35)
at sun.reflect.NativeMethodAccessorImpl.invoke0(Native Method)
at sun.reflect.NativeMethodAccessorImpl.invoke(NativeMethodAccessorImpl.java:62)
at sun.reflect.DelegatingMethodAccessorImpl.invoke(DelegatingMethodAccessorImpl.java:43)
at java.lang.reflect.Method.invoke(Method.java:498)
at org.testng.internal.MethodInvocationHelper.invokeMethod(MethodInvocationHelper.java:134)
at org.testng.internal.TestInvoker.invokeMethod(TestInvoker.java:597)
at org.testng.internal.TestInvoker.invokeTestMethod(TestInvoker.java:173)
at org.testng.internal.MethodRunner.runInSequence(MethodRunner.java:46)
at org.testng.internal.TestInvoker$MethodInvocationAgent.invoke(TestInvoker.java:816)
at org.testng.internal.TestInvoker.invokeTestMethods(TestInvoker.java:146)
at org.testng.internal.TestMethodWorker.invokeTestMethods(TestMethodWorker.java:146)
at org.testng.internal.TestMethodWorker.run(TestMethodWorker.java:128)
at java.util.ArrayList.forEach(ArrayList.java:1257)
at org.testng.TestRunner.privateRun(TestRunner.java:766)
at org.testng.TestRunner.run(TestRunner.java:587)
at org.testng.SuiteRunner.runTest(SuiteRunner.java:384)
at org.testng.SuiteRunner.runSequentially(SuiteRunner.java:378)
at org.testng.SuiteRunner.privateRun(SuiteRunner.java:337)
at org.testng.SuiteRunner.run(SuiteRunner.java:286)
at org.testng.SuiteRunnerWorker.runSuite(SuiteRunnerWorker.java:53)
at org.testng.SuiteRunnerWorker.run(SuiteRunnerWorker.java:96)
at org.testng.TestNG.runSuitesSequentially(TestNG.java:1187)
at org.testng.TestNG.runSuitesLocally(TestNG.java:1109)
at org.testng.TestNG.runSuites(TestNG.java:1039)
at org.testng.TestNG.run(TestNG.java:1007)
at org.apache.maven.surefire.testng.TestNGExecutor.run(TestNGExecutor.java:77)
at org.apache.maven.surefire.testng.TestNGDirectoryTestSuite.executeMulti(TestNGDirectoryTestSuite.java:159)
at org.apache.maven.surefire.testng.TestNGDirectoryTestSuite.execute(TestNGDirectoryTestSuite.java:99)
at org.apache.maven.surefire.testng.TestNGProvider.invoke(TestNGProvider.java:106)
at sun.reflect.NativeMethodAccessorImpl.invoke0(Native Method)
at sun.reflect.NativeMethodAccessorImpl.invoke(NativeMethodAccessorImpl.java:62)
at sun.reflect.DelegatingMethodAccessorImpl.invoke(DelegatingMethodAccessorImpl.java:43)
at java.lang.reflect.Method.invoke(Method.java:498)
at org.apache.maven.surefire.util.ReflectionUtils.invokeMethodWithArray(ReflectionUtils.java:189)
at org.apache.maven.surefire.booter.ProviderFactory$ProviderProxy.invoke(ProviderFactory.java:165)
at org.apache.maven.surefire.booter.ProviderFactory.invokeProvider(ProviderFactory.java:85)
at org.apache.maven.surefire.booter.ForkedBooter.runSuitesInProcess(ForkedBooter.java:115)
at org.apache.maven.surefire.booter.ForkedBooter.main(ForkedBooter.java:75)
]]>
            </full-stacktrace>
          </exception> <!-- org.openqa.selenium.ElementClickInterceptedException -->
          <reporter-output>
          </reporter-output>
        </test-method> <!-- contactsFill -->
      </class> <!-- com.dell.qa.TestCase.ContactsPageTest -->
      <class name="com.dell.qa.TestCase.LoginPageTest">
        <test-method status="PASS" signature="setUp()[pri:0, instance:com.dell.qa.TestCase.LoginPageTest@5ce81285]" name="setUp" is-config="true" duration-ms="11975" started-at="2020-01-29T16:19:53 IST" finished-at="2020-01-29T16:20:05 IST">
          <reporter-output>
          </reporter-output>
        </test-method> <!-- setUp -->
        <test-method status="PASS" signature="Title()[pri:1, instance:com.dell.qa.TestCase.LoginPageTest@5ce81285]" name="Title" duration-ms="21" started-at="2020-01-29T16:20:39 IST" finished-at="2020-01-29T16:20:39 IST">
          <reporter-output>
          </reporter-output>
        </test-method> <!-- Title -->
        <test-method status="PASS" signature="Loginto()[pri:2, instance:com.dell.qa.TestCase.LoginPageTest@5ce81285]" name="Loginto" duration-ms="6891" started-at="2020-01-29T16:20:39 IST" finished-at="2020-01-29T16:20:46 IST">
          <reporter-output>
          </reporter-output>
        </test-method> <!-- Loginto -->
        <test-method status="PASS" signature="TitleAfterLogin()[pri:3, instance:com.dell.qa.TestCase.LoginPageTest@5ce81285]" name="TitleAfterLogin" duration-ms="15" started-at="2020-01-29T16:20:46 IST" depends-on-methods="com.dell.qa.TestCase.LoginPageTest.Loginto" finished-at="2020-01-29T16:20:46 IST">
          <reporter-output>
          </reporter-output>
        </test-method> <!-- TitleAfterLogin -->
        <test-method status="PASS" signature="Login()[pri:4, instance:com.dell.qa.TestCase.LoginPageTest@5ce81285]" name="Login" duration-ms="749" started-at="2020-01-29T16:20:46 IST" depends-on-methods="com.dell.qa.TestCase.LoginPageTest.Loginto" finished-at="2020-01-29T16:20:47 IST">
          <reporter-output>
          </reporter-output>
        </test-method> <!-- Login -->
        <test-method status="PASS" signature="tearDown()[pri:0, instance:com.dell.qa.TestCase.LoginPageTest@5ce81285]" name="tearDown" is-config="true" duration-ms="683" started-at="2020-01-29T16:20:47 IST" finished-at="2020-01-29T16:20:47 IST">
          <reporter-output>
          </reporter-output>
        </test-method> <!-- tearDown -->
      </class> <!-- com.dell.qa.TestCase.LoginPageTest -->
    </test> <!-- Command line test -->
  </suite> <!-- Command line suite -->
</testng-results>
