<?xml version="1.0" encoding="UTF-8" ?>
<testsuite tests="6" failures="1" name="TestSuite" time="41.648" errors="0" skipped="0">
  <properties>
[...]
</properties>
  <testcase classname="com.dell.qa.TestCase.ContactsPageTest" name="contacts" time="25.149"/>
  <testcase classname="com.dell.qa.TestCase.ContactsPageTest" name="contactsFill" time="8.825">
    <failure message="element click intercepted: Element &lt;input class=&quot;hidden&quot; name=&quot;do_not_call&quot; readonly=&quot;&quot; tabindex=&quot;0&quot; type=&quot;checkbox&quot; value=&quot;&quot;&gt; is not clickable at point (772, 555). Other element would receive the click: &lt;label&gt;&lt;/label&gt;
  (Session info: chrome=79.0.3945.130)
Build info: version: &apos;3.141.59&apos;, revision: &apos;e82be7d358&apos;, time: &apos;2018-11-14T08:17:03&apos;
System info: host: &apos;W10BWRQYW2&apos;, ip: &apos;10.108.149.65&apos;, os.name: &apos;Windows 10&apos;, os.arch: &apos;amd64&apos;, os.version: &apos;10.0&apos;, java.version: &apos;1.8.0_171&apos;
Driver info: org.openqa.selenium.chrome.ChromeDriver
Capabilities {acceptInsecureCerts: false, browserName: chrome, browserVersion: 79.0.3945.130, chrome: {chromedriverVersion: 78.0.3904.70 (edb9c9f3de024..., userDataDir: C:\Users\ANKITA~1\AppData\L...}, goog:chromeOptions: {debuggerAddress: localhost:38382}, javascriptEnabled: true, networkConnectionEnabled: false, pageLoadStrategy: normal, platform: XP, platformName: XP, proxy: Proxy(), setWindowRect: true, strictFileInteractability: false, timeouts: {implicit: 0, pageLoad: 300000, script: 30000}, unhandledPromptBehavior: dismiss and notify}
Session ID: 70106dc8c02fa1d14a3576dee669020b" type="org.openqa.selenium.ElementClickInterceptedException">org.openqa.selenium.ElementClickInterceptedException: element click intercepted: Element &lt;input class=&quot;hidden&quot; name=&quot;do_not_call&quot; readonly=&quot;&quot; tabindex=&quot;0&quot; type=&quot;checkbox&quot; value=&quot;&quot;&gt; is not clickable at point (772, 555). Other element would receive the click: &lt;label&gt;&lt;/label&gt;
  (Session info: chrome=79.0.3945.130)
Build info: version: &apos;3.141.59&apos;, revision: &apos;e82be7d358&apos;, time: &apos;2018-11-14T08:17:03&apos;
System info: host: &apos;W10BWRQYW2&apos;, ip: &apos;10.108.149.65&apos;, os.name: &apos;Windows 10&apos;, os.arch: &apos;amd64&apos;, os.version: &apos;10.0&apos;, java.version: &apos;1.8.0_171&apos;
Driver info: org.openqa.selenium.chrome.ChromeDriver
Capabilities {acceptInsecureCerts: false, browserName: chrome, browserVersion: 79.0.3945.130, chrome: {chromedriverVersion: 78.0.3904.70 (edb9c9f3de024..., userDataDir: C:\Users\ANKITA~1\AppData\L...}, goog:chromeOptions: {debuggerAddress: localhost:38382}, javascriptEnabled: true, networkConnectionEnabled: false, pageLoadStrategy: normal, platform: XP, platformName: XP, proxy: Proxy(), setWindowRect: true, strictFileInteractability: false, timeouts: {implicit: 0, pageLoad: 300000, script: 30000}, unhandledPromptBehavior: dismiss and notify}
Session ID: 70106dc8c02fa1d14a3576dee669020b
	at sun.reflect.NativeConstructorAccessorImpl.newInstance0(Native Method)
	at sun.reflect.NativeConstructorAccessorImpl.newInstance(NativeConstructorAccessorImpl.java:62)
	at sun.reflect.DelegatingConstructorAccessorImpl.newInstance(DelegatingConstructorAccessorImpl.java:45)
	at java.lang.reflect.Constructor.newInstance(Constructor.java:423)
	at org.openqa.selenium.remote.http.W3CHttpResponseCodec.createException(W3CHttpResponseCodec.java:187)
	at org.openqa.selenium.remote.http.W3CHttpResponseCodec.decode(W3CHttpResponseCodec.java:122)
	at org.openqa.selenium.remote.http.W3CHttpResponseCodec.decode(W3CHttpResponseCodec.java:49)
	at org.openqa.selenium.remote.HttpCommandExecutor.execute(HttpCommandExecutor.java:158)
	at org.openqa.selenium.remote.service.DriverCommandExecutor.execute(DriverCommandExecutor.java:83)
	at org.openqa.selenium.remote.RemoteWebDriver.execute(RemoteWebDriver.java:552)
	at org.openqa.selenium.remote.RemoteWebElement.execute(RemoteWebElement.java:285)
	at org.openqa.selenium.remote.RemoteWebElement.click(RemoteWebElement.java:84)
	at sun.reflect.NativeMethodAccessorImpl.invoke0(Native Method)
	at sun.reflect.NativeMethodAccessorImpl.invoke(NativeMethodAccessorImpl.java:62)
	at sun.reflect.DelegatingMethodAccessorImpl.invoke(DelegatingMethodAccessorImpl.java:43)
	at java.lang.reflect.Method.invoke(Method.java:498)
	at org.openqa.selenium.support.pagefactory.internal.LocatingElementHandler.invoke(LocatingElementHandler.java:51)
	at com.sun.proxy.$Proxy7.click(Unknown Source)
	at com.dell.qa.pages.ContactsPage.ContactsFillPage(ContactsPage.java:54)
	at com.dell.qa.TestCase.ContactsPageTest.contactsFill(ContactsPageTest.java:35)
</failure>
    <system-out>Before selectingtrue
</system-out>
  </testcase>
  <testcase classname="com.dell.qa.TestCase.LoginPageTest" name="Title" time="0.016"/>
  <testcase classname="com.dell.qa.TestCase.LoginPageTest" name="Loginto" time="6.895"/>
  <testcase classname="com.dell.qa.TestCase.LoginPageTest" name="TitleAfterLogin" time="0.014"/>
  <testcase classname="com.dell.qa.TestCase.LoginPageTest" name="Login" time="0.749"/>
</testsuite>